Copyright 1986-2017 Xilinx, Inc. All Rights Reserved.
----------------------------------------------------------------------------------------------------------------------------------------------
| Tool Version     : Vivado v.2017.2.1 (win64) Build 1957588 Wed Aug  9 16:32:24 MDT 2017
| Date             : Fri Dec  8 14:58:47 2017
| Host             : A205-30 running 64-bit Service Pack 1  (build 7601)
| Command          : report_power -file game_top_power_routed.rpt -pb game_top_power_summary_routed.pb -rpx game_top_power_routed.rpx
| Design           : game_top
| Device           : xc7a100tcsg324-1
| Design State     : routed
| Grade            : commercial
| Process          : typical
| Characterization : Production
----------------------------------------------------------------------------------------------------------------------------------------------

Power Report

Table of Contents
-----------------
1. Summary
1.1 On-Chip Components
1.2 Power Supply Summary
1.3 Confidence Level
2. Settings
2.1 Environment
2.2 Clock Constraints
3. Detailed Reports
3.1 By Hierarchy

1. Summary
----------

+--------------------------+-------+
| Total On-Chip Power (W)  | 0.308 |
| Dynamic (W)              | 0.210 |
| Device Static (W)        | 0.098 |
| Effective TJA (C/W)      | 4.6   |
| Max Ambient (C)          | 83.6  |
| Junction Temperature (C) | 26.4  |
| Confidence Level         | Low   |
| Setting File             | ---   |
| Simulation Activity File | ---   |
| Design Nets Matched      | NA    |
+--------------------------+-------+


1.1 On-Chip Components
----------------------

+----------------+-----------+----------+-----------+-----------------+
| On-Chip        | Power (W) | Used     | Available | Utilization (%) |
+----------------+-----------+----------+-----------+-----------------+
| Clocks         |     0.003 |        6 |       --- |             --- |
| Slice Logic    |     0.038 |     6237 |       --- |             --- |
|   LUT as Logic |     0.036 |     4353 |     63400 |            6.87 |
|   CARRY4       |     0.001 |      204 |     15850 |            1.29 |
|   F7/F8 Muxes  |    <0.001 |     1035 |     63400 |            1.63 |
|   Register     |    <0.001 |      270 |    126800 |            0.21 |
|   BUFG         |    <0.001 |        1 |        32 |            3.13 |
|   Others       |     0.000 |       15 |       --- |             --- |
| Signals        |     0.035 |     4448 |       --- |             --- |
| MMCM           |     0.101 |        1 |         6 |           16.67 |
| DSPs           |     0.021 |       22 |       240 |            9.17 |
| I/O            |     0.011 |       58 |       210 |           27.62 |
| Static Power   |     0.098 |          |           |                 |
| Total          |     0.308 |          |           |                 |
+----------------+-----------+----------+-----------+-----------------+


1.2 Power Supply Summary
------------------------

+-----------+-------------+-----------+-------------+------------+
| Source    | Voltage (V) | Total (A) | Dynamic (A) | Static (A) |
+-----------+-------------+-----------+-------------+------------+
| Vccint    |       1.000 |     0.113 |       0.098 |      0.016 |
| Vccaux    |       1.800 |     0.075 |       0.056 |      0.018 |
| Vcco33    |       3.300 |     0.007 |       0.003 |      0.004 |
| Vcco25    |       2.500 |     0.000 |       0.000 |      0.000 |
| Vcco18    |       1.800 |     0.000 |       0.000 |      0.000 |
| Vcco15    |       1.500 |     0.000 |       0.000 |      0.000 |
| Vcco135   |       1.350 |     0.000 |       0.000 |      0.000 |
| Vcco12    |       1.200 |     0.000 |       0.000 |      0.000 |
| Vccaux_io |       1.800 |     0.000 |       0.000 |      0.000 |
| Vccbram   |       1.000 |     0.000 |       0.000 |      0.000 |
| MGTAVcc   |       1.000 |     0.000 |       0.000 |      0.000 |
| MGTAVtt   |       1.200 |     0.000 |       0.000 |      0.000 |
| Vccadc    |       1.800 |     0.020 |       0.000 |      0.020 |
+-----------+-------------+-----------+-------------+------------+


1.3 Confidence Level
--------------------

+-----------------------------+------------+--------------------------------------------------------+--------------------------------------------------------------------------------------------------------------------+
| User Input Data             | Confidence | Details                                                | Action                                                                                                             |
+-----------------------------+------------+--------------------------------------------------------+--------------------------------------------------------------------------------------------------------------------+
| Design implementation state | High       | Design is routed                                       |                                                                                                                    |
| Clock nodes activity        | Low        | User specified less than 75% of clocks                 | Provide missing clock activity with a constraint file, simulation results or by editing the "By Clock Domain" view |
| I/O nodes activity          | Low        | More than 75% of inputs are missing user specification | Provide missing input activity with simulation results or by editing the "By Resource Type -> I/Os" view           |
| Internal nodes activity     | Medium     | User specified less than 25% of internal nodes         | Provide missing internal nodes activity with simulation results or by editing the "By Resource Type" views         |
| Device models               | High       | Device models are Production                           |                                                                                                                    |
|                             |            |                                                        |                                                                                                                    |
| Overall confidence level    | Low        |                                                        |                                                                                                                    |
+-----------------------------+------------+--------------------------------------------------------+--------------------------------------------------------------------------------------------------------------------+


2. Settings
-----------

2.1 Environment
---------------

+-----------------------+--------------------------+
| Ambient Temp (C)      | 25.0                     |
| ThetaJA (C/W)         | 4.6                      |
| Airflow (LFM)         | 250                      |
| Heat Sink             | medium (Medium Profile)  |
| ThetaSA (C/W)         | 4.6                      |
| Board Selection       | medium (10"x10")         |
| # of Board Layers     | 12to15 (12 to 15 Layers) |
| Board Temperature (C) | 25.0                     |
+-----------------------+--------------------------+


2.2 Clock Constraints
---------------------

+--------------------+----------------------------------+-----------------+
| Clock              | Domain                           | Constraint (ns) |
+--------------------+----------------------------------+-----------------+
| clk_out1_clk_wiz_0 | disp_clk/inst/clk_out1_clk_wiz_0 |             9.4 |
| clkfbout_clk_wiz_0 | disp_clk/inst/clkfbout_clk_wiz_0 |            70.0 |
| sys_clk_pin        | clk                              |            10.0 |
| sys_clk_pin        | clk_IBUF                         |            10.0 |
+--------------------+----------------------------------+-----------------+


3. Detailed Reports
-------------------

3.1 By Hierarchy
----------------

+-------------------------------------+-----------+
| Name                                | Power (W) |
+-------------------------------------+-----------+
| game_top                            |     0.210 |
|   OBLED                             |    <0.001 |
|   accel0                            |     0.001 |
|   chocolate                         |    <0.001 |
|   disp_clk                          |     0.101 |
|     inst                            |     0.101 |
|   display                           |     0.007 |
|   draw_mod                          |     0.087 |
|     GalaxyROM                       |    <0.001 |
|       U0                            |    <0.001 |
|     astroBallROM                    |     0.008 |
|       U0                            |     0.008 |
|     ball2ROM                        |    <0.001 |
|       U0                            |    <0.001 |
|     earthTargetROM                  |    <0.001 |
|       U0                            |    <0.001 |
|     minecraftCobStoneROM            |    <0.001 |
|       U0                            |    <0.001 |
|     minecraftOBSROM                 |     0.001 |
|       U0                            |     0.001 |
|     windowsROM                      |    <0.001 |
|       U0                            |    <0.001 |
|     xilinxTargetROM                 |    <0.001 |
|       U0                            |    <0.001 |
|         synth_options.dist_mem_inst |    <0.001 |
|           gen_rom.rom_inst          |    <0.001 |
+-------------------------------------+-----------+


